<?xml version="1.0" encoding="UTF-8"?>
<!-- Generated by org.testng.reporters.JUnitReportReporter -->
<testsuite skipped="0" hostname="MC0YCQGC" name="abc.NewTest1" tests="1" failures="0" timestamp="01 Apr 2019 04:38:59 GMT" time="50.420" errors="0">
  <testcase name="f" time="50.420" classname="abc.NewTest1"/>
</testsuite> <!-- abc.NewTest1 -->
